<?xml version="1.0" encoding="UTF-8"?>
<!-- Generated by org.testng.reporters.JUnitXMLReporter -->
<testsuite hostname="DESKTOP-DD7HHNG" ignored="0" name="Smoke Tests stage 1" tests="3" failures="1" timestamp="29 Jun 2020 09:56:12 GMT" time="0.084" errors="0">
  <testcase name="googleAdmin" time="0.016" classname="com.selenium.testCases.GoogleLogin"/>
  <testcase name="googleLogin" time="0.007" classname="com.selenium.testCases.GoogleLogin"/>
  <testcase name="googleProfile" time="0.008" classname="com.selenium.testCases.GoogleLogin">
    <failure type="java.lang.AssertionError" message="null">
      <![CDATA[java.lang.AssertionError: null
at com.selenium.testCases.GoogleLogin.googleProfile(GoogleLogin.java:39)
... Removed 28 stack frames]]>
    </failure>
  </testcase> <!-- googleProfile -->
</testsuite> <!-- Smoke Tests stage 1 -->
