<?xml version="1.0" encoding="UTF-8"?>
<!-- Generated by org.testng.reporters.JUnitXMLReporter -->
<testsuite hostname="DESKTOP-DD7HHNG" ignored="0" name="Regression_Suite_stage_2" tests="3" failures="2" timestamp="15 Jul 2020 14:49:56 GMT" time="0.013" errors="0">
  <testcase name="clicklogoutButton" time="0.0" classname="com.selenium.testCases.GoogleLogout">
    <failure type="java.lang.AssertionError" message="null">
      <![CDATA[java.lang.AssertionError: null
at com.selenium.testCases.GoogleLogout.clicklogoutButton(GoogleLogout.java:17)
... Removed 28 stack frames]]>
    </failure>
  </testcase> <!-- clicklogoutButton -->
  <testcase name="logoutButton" time="0.001" classname="com.selenium.testCases.GoogleLogout"/>
  <testcase name="verifylogoutButton" time="0.001" classname="com.selenium.testCases.GoogleLogout">
    <failure type="java.lang.AssertionError" message="null">
      <![CDATA[java.lang.AssertionError: null
at com.selenium.testCases.GoogleLogout.verifylogoutButton(GoogleLogout.java:23)
... Removed 28 stack frames]]>
    </failure>
  </testcase> <!-- verifylogoutButton -->
</testsuite> <!-- Regression_Suite_stage_2 -->
