<?xml version="1.0" encoding="UTF-8"?>
<!-- Generated by org.testng.reporters.JUnitXMLReporter -->
<testsuite hostname="DESKTOP-DD7HHNG" ignored="0" name="Regression_Suite_stage_1" tests="3" failures="1" timestamp="15 Jul 2020 14:49:53 GMT" time="0.062" errors="0">
  <testcase name="googleAdmin" time="0.012" classname="com.selenium.testCases.GoogleLogin"/>
  <testcase name="googleLogin" time="0.008" classname="com.selenium.testCases.GoogleLogin"/>
  <testcase name="googleProfile" time="0.0" classname="com.selenium.testCases.GoogleLogin">
    <failure type="java.lang.AssertionError" message="null">
      <![CDATA[java.lang.AssertionError: null
at com.selenium.testCases.GoogleLogin.googleProfile(GoogleLogin.java:24)
... Removed 28 stack frames]]>
    </failure>
  </testcase> <!-- googleProfile -->
</testsuite> <!-- Regression_Suite_stage_1 -->
